[debug] [2019-02-21T07:12:38.952Z] ----------------------------------------------------------------------
[debug] [2019-02-21T07:12:38.954Z] Command:       /Users/ldaly/.nvm/versions/node/v8.11.1/bin/node /Users/ldaly/.nvm/versions/node/v8.11.1/bin/firebase functions:config:set config.twilio_account_sid=ACb098d653b93dbac6f87acb5ea8fc76d9 config.twilio_auth_token=83895b5958bf314b0d8119858b59303b config.twilio_outbound_number=+18442526460 config.temporary_insecure_auth_key=xP6mXwOpuJTYzs2Enxi config.base_url=https://us-central1-tz-phone-book-dev.cloudfunctions.net config.service_account_key_file_name=.serviceAccountKey.development.json config.database_url=https://tz-phone-book-dev.firebaseio.com config.storage_bucket=tz-phone-book-dev.appspot.com config.informal_notification_url=https://us-central1-tz-phone-book-dev.cloudfunctions.net/twiml/senegalNotification/entrypoint?versionOverride=wl_audio config.formal_notification_url=https://us-central1-tz-phone-book-dev.cloudfunctions.net/twiml/senegalNotification/entrypoint?versionOverride=wl_audio config.mm_101_url=https://us-central1-tz-phone-book-dev.cloudfunctions.net/twiml/senegalMobileMoney/entrypoint?versionOverride=wl_audio config.should_log=true config.should_display_english_test_call=false config.test_call_url=https://us-central1-tz-phone-book-dev.cloudfunctions.net/twiml/senegalMobileMoney/entrypoint?versionOverride=en_text config.relay_default_country_code=TZ config.url_prefix=https://www.googleapis.com/download/storage/v1/b/tz-phone-book-dev.appspot.com/o/ config.firebase_token=1536715274666696
[debug] [2019-02-21T07:12:38.954Z] CLI Version:   6.1.0
[debug] [2019-02-21T07:12:38.954Z] Platform:      darwin
[debug] [2019-02-21T07:12:38.954Z] Node Version:  v8.11.1
[debug] [2019-02-21T07:12:38.955Z] Time:          Thu Feb 21 2019 15:12:38 GMT+0800 (PST)
[debug] [2019-02-21T07:12:38.955Z] ----------------------------------------------------------------------
[debug] 
[debug] [2019-02-21T07:12:38.965Z] > command requires scopes: ["email","openid","https://www.googleapis.com/auth/cloudplatformprojects.readonly","https://www.googleapis.com/auth/firebase","https://www.googleapis.com/auth/cloud-platform"]
[debug] [2019-02-21T07:12:38.966Z] > authorizing via signed-in user
[debug] [2019-02-21T07:12:38.966Z] [iam] checking project tz-phone-book-dev for permissions ["firebase.projects.get","runtimeconfig.configs.create","runtimeconfig.configs.delete","runtimeconfig.configs.get","runtimeconfig.configs.list","runtimeconfig.configs.update","runtimeconfig.variables.create","runtimeconfig.variables.delete","runtimeconfig.variables.get","runtimeconfig.variables.list","runtimeconfig.variables.update"]
[debug] [2019-02-21T07:12:38.967Z] >>> HTTP REQUEST POST https://cloudresourcemanager.googleapis.com/v1/projects/tz-phone-book-dev:testIamPermissions  

[debug] [2019-02-21T07:12:40.384Z] <<< HTTP RESPONSE 200
[debug] [2019-02-21T07:12:40.385Z] >>> HTTP REQUEST GET https://servicemanagement.googleapis.com/v1/services/runtimeconfig.googleapis.com/projectSettings/tz-phone-book-dev?view=CONSUMER_VIEW  
 
[debug] [2019-02-21T07:12:42.591Z] <<< HTTP RESPONSE 200
[debug] [2019-02-21T07:12:42.594Z] >>> HTTP REQUEST GET https://runtimeconfig.googleapis.com/v1beta1/projects/tz-phone-book-dev/configs/config/variables/twilio_account_sid  
 
[debug] [2019-02-21T07:12:42.594Z] >>> HTTP REQUEST GET https://runtimeconfig.googleapis.com/v1beta1/projects/tz-phone-book-dev/configs/config/variables/twilio_auth_token  
 
[debug] [2019-02-21T07:12:42.595Z] >>> HTTP REQUEST GET https://runtimeconfig.googleapis.com/v1beta1/projects/tz-phone-book-dev/configs/config/variables/twilio_outbound_number  
 
[debug] [2019-02-21T07:12:42.595Z] >>> HTTP REQUEST GET https://runtimeconfig.googleapis.com/v1beta1/projects/tz-phone-book-dev/configs/config/variables/temporary_insecure_auth_key  
 
[debug] [2019-02-21T07:12:42.595Z] >>> HTTP REQUEST GET https://runtimeconfig.googleapis.com/v1beta1/projects/tz-phone-book-dev/configs/config/variables/base_url  
 
[debug] [2019-02-21T07:12:42.596Z] >>> HTTP REQUEST GET https://runtimeconfig.googleapis.com/v1beta1/projects/tz-phone-book-dev/configs/config/variables/service_account_key_file_name  
 
[debug] [2019-02-21T07:12:42.596Z] >>> HTTP REQUEST GET https://runtimeconfig.googleapis.com/v1beta1/projects/tz-phone-book-dev/configs/config/variables/database_url  
 
[debug] [2019-02-21T07:12:42.596Z] >>> HTTP REQUEST GET https://runtimeconfig.googleapis.com/v1beta1/projects/tz-phone-book-dev/configs/config/variables/storage_bucket  
 
[debug] [2019-02-21T07:12:42.596Z] >>> HTTP REQUEST GET https://runtimeconfig.googleapis.com/v1beta1/projects/tz-phone-book-dev/configs/config/variables/informal_notification_url  
 
[debug] [2019-02-21T07:12:42.596Z] >>> HTTP REQUEST GET https://runtimeconfig.googleapis.com/v1beta1/projects/tz-phone-book-dev/configs/config/variables/formal_notification_url  
 
[debug] [2019-02-21T07:12:42.597Z] >>> HTTP REQUEST GET https://runtimeconfig.googleapis.com/v1beta1/projects/tz-phone-book-dev/configs/config/variables/mm_101_url  
 
[debug] [2019-02-21T07:12:42.597Z] >>> HTTP REQUEST GET https://runtimeconfig.googleapis.com/v1beta1/projects/tz-phone-book-dev/configs/config/variables/should_log  
 
[debug] [2019-02-21T07:12:42.597Z] >>> HTTP REQUEST GET https://runtimeconfig.googleapis.com/v1beta1/projects/tz-phone-book-dev/configs/config/variables/should_display_english_test_call  
 
[debug] [2019-02-21T07:12:42.597Z] >>> HTTP REQUEST GET https://runtimeconfig.googleapis.com/v1beta1/projects/tz-phone-book-dev/configs/config/variables/test_call_url  
 
[debug] [2019-02-21T07:12:42.598Z] >>> HTTP REQUEST GET https://runtimeconfig.googleapis.com/v1beta1/projects/tz-phone-book-dev/configs/config/variables/relay_default_country_code  
 
[debug] [2019-02-21T07:12:42.598Z] >>> HTTP REQUEST GET https://runtimeconfig.googleapis.com/v1beta1/projects/tz-phone-book-dev/configs/config/variables/url_prefix  
 
[debug] [2019-02-21T07:12:42.598Z] >>> HTTP REQUEST GET https://runtimeconfig.googleapis.com/v1beta1/projects/tz-phone-book-dev/configs/config/variables/firebase_token  
 
[debug] [2019-02-21T07:12:43.267Z] <<< HTTP RESPONSE 200
[debug] [2019-02-21T07:12:43.268Z] >>> HTTP REQUEST PUT https://runtimeconfig.googleapis.com/v1beta1/projects/tz-phone-book-dev/configs/config/variables/url_prefix  

[debug] [2019-02-21T07:12:43.487Z] <<< HTTP RESPONSE 200
[debug] [2019-02-21T07:12:43.487Z] >>> HTTP REQUEST PUT https://runtimeconfig.googleapis.com/v1beta1/projects/tz-phone-book-dev/configs/config/variables/informal_notification_url  

[debug] [2019-02-21T07:12:43.955Z] <<< HTTP RESPONSE 200
[debug] [2019-02-21T07:12:43.956Z] >>> HTTP REQUEST PUT https://runtimeconfig.googleapis.com/v1beta1/projects/tz-phone-book-dev/configs/config/variables/storage_bucket  

[debug] [2019-02-21T07:12:43.956Z] <<< HTTP RESPONSE 200
[debug] [2019-02-21T07:12:43.957Z] >>> HTTP REQUEST PUT https://runtimeconfig.googleapis.com/v1beta1/projects/tz-phone-book-dev/configs/config/variables/twilio_auth_token  

[debug] [2019-02-21T07:12:43.960Z] <<< HTTP RESPONSE 200
[debug] [2019-02-21T07:12:43.961Z] >>> HTTP REQUEST PUT https://runtimeconfig.googleapis.com/v1beta1/projects/tz-phone-book-dev/configs/config/variables/should_log  

[debug] [2019-02-21T07:12:43.966Z] <<< HTTP RESPONSE 200
[debug] [2019-02-21T07:12:43.966Z] >>> HTTP REQUEST PUT https://runtimeconfig.googleapis.com/v1beta1/projects/tz-phone-book-dev/configs/config/variables/twilio_outbound_number  

[debug] [2019-02-21T07:12:43.967Z] <<< HTTP RESPONSE 200
[debug] [2019-02-21T07:12:43.967Z] >>> HTTP REQUEST PUT https://runtimeconfig.googleapis.com/v1beta1/projects/tz-phone-book-dev/configs/config/variables/relay_default_country_code  

[debug] [2019-02-21T07:12:43.967Z] <<< HTTP RESPONSE 200
[debug] [2019-02-21T07:12:43.967Z] >>> HTTP REQUEST PUT https://runtimeconfig.googleapis.com/v1beta1/projects/tz-phone-book-dev/configs/config/variables/twilio_account_sid  

[debug] [2019-02-21T07:12:44.209Z] <<< HTTP RESPONSE 200
[debug] [2019-02-21T07:12:44.209Z] >>> HTTP REQUEST PUT https://runtimeconfig.googleapis.com/v1beta1/projects/tz-phone-book-dev/configs/config/variables/test_call_url  

[debug] [2019-02-21T07:12:44.210Z] <<< HTTP RESPONSE 200
[debug] [2019-02-21T07:12:44.210Z] >>> HTTP REQUEST PUT https://runtimeconfig.googleapis.com/v1beta1/projects/tz-phone-book-dev/configs/config/variables/should_display_english_test_call  

[debug] [2019-02-21T07:12:44.210Z] <<< HTTP RESPONSE 200
[debug] [2019-02-21T07:12:44.210Z] >>> HTTP REQUEST PUT https://runtimeconfig.googleapis.com/v1beta1/projects/tz-phone-book-dev/configs/config/variables/service_account_key_file_name  

[debug] [2019-02-21T07:12:44.220Z] <<< HTTP RESPONSE 200
[debug] [2019-02-21T07:12:44.221Z] >>> HTTP REQUEST PUT https://runtimeconfig.googleapis.com/v1beta1/projects/tz-phone-book-dev/configs/config/variables/database_url  

[debug] [2019-02-21T07:12:44.223Z] <<< HTTP RESPONSE 200
[debug] [2019-02-21T07:12:44.223Z] >>> HTTP REQUEST PUT https://runtimeconfig.googleapis.com/v1beta1/projects/tz-phone-book-dev/configs/config/variables/base_url  

[debug] [2019-02-21T07:12:44.352Z] <<< HTTP RESPONSE 200
[debug] [2019-02-21T07:12:44.352Z] >>> HTTP REQUEST PUT https://runtimeconfig.googleapis.com/v1beta1/projects/tz-phone-book-dev/configs/config/variables/temporary_insecure_auth_key  

[debug] [2019-02-21T07:12:44.380Z] <<< HTTP RESPONSE 200
[debug] [2019-02-21T07:12:44.380Z] >>> HTTP REQUEST PUT https://runtimeconfig.googleapis.com/v1beta1/projects/tz-phone-book-dev/configs/config/variables/firebase_token  

[debug] [2019-02-21T07:12:44.409Z] <<< HTTP RESPONSE 200
[debug] [2019-02-21T07:12:44.409Z] >>> HTTP REQUEST PUT https://runtimeconfig.googleapis.com/v1beta1/projects/tz-phone-book-dev/configs/config/variables/formal_notification_url  

[debug] [2019-02-21T07:12:44.415Z] <<< HTTP RESPONSE 200
[debug] [2019-02-21T07:12:44.415Z] >>> HTTP REQUEST PUT https://runtimeconfig.googleapis.com/v1beta1/projects/tz-phone-book-dev/configs/config/variables/mm_101_url  

[debug] [2019-02-21T07:12:44.585Z] <<< HTTP RESPONSE 200
[debug] [2019-02-21T07:12:44.594Z] <<< HTTP RESPONSE 200
[debug] [2019-02-21T07:12:44.618Z] <<< HTTP RESPONSE 200
[debug] [2019-02-21T07:12:44.689Z] <<< HTTP RESPONSE 200
[debug] [2019-02-21T07:12:44.847Z] <<< HTTP RESPONSE 200
[debug] [2019-02-21T07:12:44.847Z] <<< HTTP RESPONSE 200
[debug] [2019-02-21T07:12:44.850Z] <<< HTTP RESPONSE 200
[debug] [2019-02-21T07:12:44.876Z] <<< HTTP RESPONSE 200
[debug] [2019-02-21T07:12:44.950Z] <<< HTTP RESPONSE 200
[debug] [2019-02-21T07:12:44.966Z] <<< HTTP RESPONSE 200
[debug] [2019-02-21T07:12:44.990Z] <<< HTTP RESPONSE 200
[debug] [2019-02-21T07:12:45.110Z] <<< HTTP RESPONSE 200
[debug] [2019-02-21T07:12:45.139Z] <<< HTTP RESPONSE 200
[debug] [2019-02-21T07:12:45.321Z] <<< HTTP RESPONSE 200
